<?xml version="1.0" encoding="UTF-8"?>
<!-- Generated by org.testng.reporters.JUnitReportReporter -->
<testsuite hostname="INBL01LAP20077" failures="0" tests="1" name="Users.Test_Case_03" time="3.747" errors="0" timestamp="2023-01-02T09:55:38 IST" skipped="0">
  <testcase classname="Users.Test_Case_03" name="Sample3" time="3.747"/>
  <system-out/>
</testsuite> <!-- Users.Test_Case_03 -->
