<?xml version="1.0" encoding="UTF-8"?>
<!-- Generated by org.testng.reporters.JUnitReportReporter -->
<testsuite hostname="INBL01LAP20077" failures="0" tests="1" name="Users.Test_Case_01" time="13.434" errors="0" timestamp="2023-01-02T09:54:29 IST" skipped="0">
  <testcase classname="Users.Test_Case_01" name="sample" time="13.434"/>
  <system-out/>
</testsuite> <!-- Users.Test_Case_01 -->
