<?xml version="1.0" encoding="UTF-8"?>
<!-- Generated by org.testng.reporters.JUnitReportReporter -->
<testsuite hostname="INBL01LAP20077" failures="0" tests="1" name="Users.Test_case_02" time="24.426" errors="0" timestamp="2023-01-02T09:55:08 IST" skipped="0">
  <testcase classname="Users.Test_case_02" name="sample1" time="24.426"/>
  <system-out/>
</testsuite> <!-- Users.Test_case_02 -->
